<?xml version="1.0" encoding="UTF-8"?>
<testsuite xmlns:xsi="http://www.w3.org/2001/XMLSchema-instance" xsi:noNamespaceSchemaLocation="https://maven.apache.org/surefire/maven-surefire-plugin/xsd/surefire-test-report.xsd" version="3.0.2" name="com.sfp.folha.application.calculadoras.CalculadoraSalarioProporcionalTest" time="0.013" tests="5" errors="0" skipped="0" failures="0">
  <properties>
[...]
</properties>
  <testcase name="testCalcularSalarioProporcionalMeioDoMes" classname="com.sfp.folha.application.calculadoras.CalculadoraSalarioProporcionalTest" time="0.0"/>
  <testcase name="testCalcularSalarioProporcionalCorretamente(String, int, int, String)[1]" classname="com.sfp.folha.application.calculadoras.CalculadoraSalarioProporcionalTest" time="0.006"/>
  <testcase name="testCalcularSalarioProporcionalCorretamente(String, int, int, String)[2]" classname="com.sfp.folha.application.calculadoras.CalculadoraSalarioProporcionalTest" time="0.001"/>
  <testcase name="testCalcularSalarioProporcionalCorretamente(String, int, int, String)[3]" classname="com.sfp.folha.application.calculadoras.CalculadoraSalarioProporcionalTest" time="0.0"/>
  <testcase name="testCalcularSalarioProporcionalCorretamente(String, int, int, String)[4]" classname="com.sfp.folha.application.calculadoras.CalculadoraSalarioProporcionalTest" time="0.0"/>
</testsuite>